<?xml version="1.0" encoding="UTF-8"?>
<testng-results total="1" passed="1" failed="0" skipped="0">
  <reporter-output>
  </reporter-output>
  <suite started-at="2024-01-08T08:26:55Z" name="TestNG-Cucumber Suite" finished-at="2024-01-08T08:26:58Z" duration-ms="3168">
    <groups>
    </groups>
    <test started-at="2024-01-08T08:26:55Z" name="Apple test" finished-at="2024-01-08T08:26:58Z" duration-ms="3168">
      <class name="testRunner.Runner">
        <test-method is-config="true" signature="setUp()[pri:0, instance:testRunner.Runner@4da4253]" started-at="2024-01-08T15:26:55Z" name="setUp" finished-at="2024-01-08T15:26:55Z" duration-ms="187" status="PASS">
          <reporter-output>
          </reporter-output>
        </test-method> <!-- setUp -->
        <test-method signature="my_test(cucumber.api.testng.CucumberFeatureWrapper)[pri:0, instance:testRunner.Runner@4da4253]" started-at="2024-01-08T15:26:55Z" name="my_test" data-provider="features" finished-at="2024-01-08T15:26:58Z" duration-ms="2888" status="PASS">
          <params>
            <param index="0">
              <value>
                <![CDATA[Test Reqres user api�s with rest assured library and cucumber framework]]>
              </value>
            </param>
          </params>
          <reporter-output>
          </reporter-output>
        </test-method> <!-- my_test -->
        <test-method is-config="true" signature="tearDown()[pri:0, instance:testRunner.Runner@4da4253]" started-at="2024-01-08T15:26:58Z" name="tearDown" finished-at="2024-01-08T15:26:58Z" duration-ms="13" status="PASS">
          <reporter-output>
          </reporter-output>
        </test-method> <!-- tearDown -->
      </class> <!-- testRunner.Runner -->
    </test> <!-- Apple test -->
  </suite> <!-- TestNG-Cucumber Suite -->
</testng-results>
